<?xml version="1.0" encoding="UTF-8"?>

<!DOCTYPE mapper
  PUBLIC "-//mybatis.org//DTD Mapper 3.0//EN"
  "http://mybatis.org/dtd/mybatis-3-mapper.dtd">

<mapper namespace="test.mapper">
	
<!-- 	<resultMap type="academyinfo" id="academyinfoMap"> -->
<!-- 		<result property="id" column="id"/> -->
<!-- 		<result property="acaIpoImg" column="ACA_IPO_IMG"/> -->
<!-- 		<result property="acaIpoCeoName" column="ACA_IPO_CEO_NAME"/> -->
<!-- 		<result property="acaIpoName" column="ACA_IPO_NAME"/> -->
<!-- 		<result property="acaIpoAddress" column="ACA_IPO_ADDRESS"/> -->
<!-- 		<result property="acaIpoOnNumber" column="ACA_IPO_ON_NUMBER"/> -->
<!-- 		<result property="acaIpoPhone" column="ACA_IPO_PHONE"/> -->
<!-- 		<result property="acaIpoFax" column="ACA_IPO_FAX"/> -->
<!-- 		<result property="acaIpoCopy" column="ACA_IPO_COPY"/> -->
<!-- 	</resultMap> -->
	
	<select id="selectTest" resultType="test.vo.UserVO">
		SELECT *
		  FROM USER
	</select>
	
</mapper>
